  C300ProjectTwo.cpp
C:\Users\19014\source\repos\C300ProjectTwo\C300ProjectTwo.cpp(21,9): error C2143: syntax error: missing ';' before '*'
C:\Users\19014\source\repos\C300ProjectTwo\C300ProjectTwo.cpp(21,9): error C4430: missing type specifier - int assumed. Note: C++ does not support default-int
C:\Users\19014\source\repos\C300ProjectTwo\C300ProjectTwo.cpp(21,15): error C2238: unexpected token(s) preceding ';'
C:\Users\19014\source\repos\C300ProjectTwo\C300ProjectTwo.cpp(22,18): error C2061: syntax error: identifier 'Node'
C:\Users\19014\source\repos\C300ProjectTwo\C300ProjectTwo.cpp(23,18): error C2061: syntax error: identifier 'Node'
C:\Users\19014\source\repos\C300ProjectTwo\C300ProjectTwo.cpp(24,19): error C2061: syntax error: identifier 'Node'
C:\Users\19014\source\repos\C300ProjectTwo\C300ProjectTwo.cpp(25,20): error C2061: syntax error: identifier 'Node'
C:\Users\19014\source\repos\C300ProjectTwo\C300ProjectTwo.cpp(26,9): error C2143: syntax error: missing ';' before '*'
C:\Users\19014\source\repos\C300ProjectTwo\C300ProjectTwo.cpp(26,9): error C4430: missing type specifier - int assumed. Note: C++ does not support default-int
C:\Users\19014\source\repos\C300ProjectTwo\C300ProjectTwo.cpp(26,50): error C2238: unexpected token(s) preceding ';'
C:\Users\19014\source\repos\C300ProjectTwo\C300ProjectTwo.cpp(27,27): error C2061: syntax error: identifier 'Node'
C:\Users\19014\source\repos\C300ProjectTwo\C300ProjectTwo.cpp(70,22): error C2065: 'root': undeclared identifier
C:\Users\19014\source\repos\C300ProjectTwo\C300ProjectTwo.cpp(72,14): error C2511: 'void Course::destroyRecursive(Node *)': overloaded member function not found in 'Course'
C:\Users\19014\source\repos\C300ProjectTwo\C300ProjectTwo.cpp(15,7): message : see declaration of 'Course'
C:\Users\19014\source\repos\C300ProjectTwo\C300ProjectTwo.cpp(76,9): error C2660: 'Course::destroyRecursive': function does not take 1 arguments
C:\Users\19014\source\repos\C300ProjectTwo\C300ProjectTwo.cpp(27,10): message : see declaration of 'Course::destroyRecursive'
C:\Users\19014\source\repos\C300ProjectTwo\C300ProjectTwo.cpp(76,9): message : while trying to match the argument list '(Node *)'
C:\Users\19014\source\repos\C300ProjectTwo\C300ProjectTwo.cpp(77,9): error C2660: 'Course::destroyRecursive': function does not take 1 arguments
C:\Users\19014\source\repos\C300ProjectTwo\C300ProjectTwo.cpp(27,10): message : see declaration of 'Course::destroyRecursive'
C:\Users\19014\source\repos\C300ProjectTwo\C300ProjectTwo.cpp(77,9): message : while trying to match the argument list '(Node *)'
C:\Users\19014\source\repos\C300ProjectTwo\C300ProjectTwo.cpp(83,9): error C2084: function 'Course::Course(void)' already has a body
C:\Users\19014\source\repos\C300ProjectTwo\C300ProjectTwo.cpp(35,5): message : see previous definition of '{ctor}'
C:\Users\19014\source\repos\C300ProjectTwo\C300ProjectTwo.cpp(85,5): error C2065: 'root': undeclared identifier
C:\Users\19014\source\repos\C300ProjectTwo\C300ProjectTwo.cpp(90,13): error C2065: 'root': undeclared identifier
C:\Users\19014\source\repos\C300ProjectTwo\C300ProjectTwo.cpp(95,15): error C2065: 'root': undeclared identifier
C:\Users\19014\source\repos\C300ProjectTwo\C300ProjectTwo.cpp(100,14): error C2065: 'root': undeclared identifier
C:\Users\19014\source\repos\C300ProjectTwo\C300ProjectTwo.cpp(105,9): error C2065: 'root': undeclared identifier
C:\Users\19014\source\repos\C300ProjectTwo\C300ProjectTwo.cpp(106,9): error C2065: 'root': undeclared identifier
C:\Users\19014\source\repos\C300ProjectTwo\C300ProjectTwo.cpp(109,23): error C2065: 'root': undeclared identifier
C:\Users\19014\source\repos\C300ProjectTwo\C300ProjectTwo.cpp(114,11): error C2039: 'removeNode': is not a member of 'Course'
C:\Users\19014\source\repos\C300ProjectTwo\C300ProjectTwo.cpp(15,7): message : see declaration of 'Course'
C:\Users\19014\source\repos\C300ProjectTwo\C300ProjectTwo.cpp(114,22): error C2065: 'root': undeclared identifier
C:\Users\19014\source\repos\C300ProjectTwo\C300ProjectTwo.cpp(121,17): error C2065: 'root': undeclared identifier
C:\Users\19014\source\repos\C300ProjectTwo\C300ProjectTwo.cpp(138,12): error C2264: 'Course::Course': error in function definition or declaration; function not called
C:\Users\19014\source\repos\C300ProjectTwo\C300ProjectTwo.cpp(148,14): error C2511: 'void Course::addNode(Node *,Course)': overloaded member function not found in 'Course'
C:\Users\19014\source\repos\C300ProjectTwo\C300ProjectTwo.cpp(15,7): message : see declaration of 'Course'
C:\Users\19014\source\repos\C300ProjectTwo\C300ProjectTwo.cpp(158,13): error C2671: 'Course::addNode': static member functions do not have 'this' pointers
C:\Users\19014\source\repos\C300ProjectTwo\C300ProjectTwo.cpp(171,13): error C2671: 'Course::addNode': static member functions do not have 'this' pointers
C:\Users\19014\source\repos\C300ProjectTwo\C300ProjectTwo.cpp(177,14): error C2511: 'void Course::inOrder(Node *)': overloaded member function not found in 'Course'
C:\Users\19014\source\repos\C300ProjectTwo\C300ProjectTwo.cpp(15,7): message : see declaration of 'Course'
C:\Users\19014\source\repos\C300ProjectTwo\C300ProjectTwo.cpp(181,9): error C2660: 'Course::inOrder': function does not take 1 arguments
C:\Users\19014\source\repos\C300ProjectTwo\C300ProjectTwo.cpp(23,10): message : see declaration of 'Course::inOrder'
C:\Users\19014\source\repos\C300ProjectTwo\C300ProjectTwo.cpp(181,9): message : while trying to match the argument list '(Node *)'
C:\Users\19014\source\repos\C300ProjectTwo\C300ProjectTwo.cpp(185,9): error C2660: 'Course::inOrder': function does not take 1 arguments
C:\Users\19014\source\repos\C300ProjectTwo\C300ProjectTwo.cpp(23,10): message : see declaration of 'Course::inOrder'
C:\Users\19014\source\repos\C300ProjectTwo\C300ProjectTwo.cpp(185,9): message : while trying to match the argument list '(Node *)'
C:\Users\19014\source\repos\C300ProjectTwo\C300ProjectTwo.cpp(189,14): error C2511: 'void Course::postOrder(Node *)': overloaded member function not found in 'Course'
C:\Users\19014\source\repos\C300ProjectTwo\C300ProjectTwo.cpp(15,7): message : see declaration of 'Course'
C:\Users\19014\source\repos\C300ProjectTwo\C300ProjectTwo.cpp(193,9): error C2660: 'Course::postOrder': function does not take 1 arguments
C:\Users\19014\source\repos\C300ProjectTwo\C300ProjectTwo.cpp(25,10): message : see declaration of 'Course::postOrder'
C:\Users\19014\source\repos\C300ProjectTwo\C300ProjectTwo.cpp(193,9): message : while trying to match the argument list '(Node *)'
C:\Users\19014\source\repos\C300ProjectTwo\C300ProjectTwo.cpp(195,9): error C2660: 'Course::postOrder': function does not take 1 arguments
C:\Users\19014\source\repos\C300ProjectTwo\C300ProjectTwo.cpp(25,10): message : see declaration of 'Course::postOrder'
C:\Users\19014\source\repos\C300ProjectTwo\C300ProjectTwo.cpp(195,9): message : while trying to match the argument list '(Node *)'
C:\Users\19014\source\repos\C300ProjectTwo\C300ProjectTwo.cpp(201,14): error C2511: 'void Course::preOrder(Node *)': overloaded member function not found in 'Course'
C:\Users\19014\source\repos\C300ProjectTwo\C300ProjectTwo.cpp(15,7): message : see declaration of 'Course'
C:\Users\19014\source\repos\C300ProjectTwo\C300ProjectTwo.cpp(207,9): error C2660: 'Course::preOrder': function does not take 1 arguments
C:\Users\19014\source\repos\C300ProjectTwo\C300ProjectTwo.cpp(24,10): message : see declaration of 'Course::preOrder'
C:\Users\19014\source\repos\C300ProjectTwo\C300ProjectTwo.cpp(207,9): message : while trying to match the argument list '(Node *)'
C:\Users\19014\source\repos\C300ProjectTwo\C300ProjectTwo.cpp(209,9): error C2660: 'Course::preOrder': function does not take 1 arguments
C:\Users\19014\source\repos\C300ProjectTwo\C300ProjectTwo.cpp(24,10): message : see declaration of 'Course::preOrder'
C:\Users\19014\source\repos\C300ProjectTwo\C300ProjectTwo.cpp(209,9): message : while trying to match the argument list '(Node *)'
C:\Users\19014\source\repos\C300ProjectTwo\C300ProjectTwo.cpp(214,15): error C2039: 'removeNode': is not a member of 'Course'
C:\Users\19014\source\repos\C300ProjectTwo\C300ProjectTwo.cpp(15,7): message : see declaration of 'Course'
C:\Users\19014\source\repos\C300ProjectTwo\C300ProjectTwo.cpp(346,12): error C2264: 'Course::Course': error in function definition or declaration; function not called
C:\Users\19014\source\repos\C300ProjectTwo\C300ProjectTwo.cpp(374,27): error C2662: 'std::string Course::getCourseId(void)': cannot convert 'this' pointer from 'const Course' to 'Course &'
C:\Users\19014\source\repos\C300ProjectTwo\C300ProjectTwo.cpp(374,21): message : Conversion loses qualifiers
C:\Users\19014\source\repos\C300ProjectTwo\C300ProjectTwo.cpp(269,16): message : see declaration of 'Course::getCourseId'
C:\Users\19014\source\repos\C300ProjectTwo\C300ProjectTwo.cpp(374,27): message : while trying to match the argument list '()'
C:\Users\19014\source\repos\C300ProjectTwo\C300ProjectTwo.cpp(374,42): error C2088: '==': illegal for class
